<?xml version="1.0" encoding="UTF-8"?>
<testng-results skipped="0" failed="0" ignored="0" total="14" passed="14">
  <reporter-output>
  </reporter-output>
  <suite name="MyTestSuite" duration-ms="6921" started-at="2023-11-14T15:28:55Z" finished-at="2023-11-14T15:29:02Z">
    <groups>
    </groups>
    <test name="MyTest" duration-ms="4125" started-at="2023-11-14T15:28:55Z" finished-at="2023-11-14T15:28:59Z">
      <class name="testFiles.HomePageTest">
        <test-method status="PASS" signature="setUp()[pri:0, instance:testFiles.HomePageTest@4cdbe50f]" name="setUp" is-config="true" duration-ms="3062" started-at="2023-11-14T15:28:55Z" finished-at="2023-11-14T15:28:58Z">
          <reporter-output>
          </reporter-output>
        </test-method> <!-- setUp -->
        <test-method status="PASS" signature="homePageTitleTest()[pri:1, instance:testFiles.HomePageTest@4cdbe50f]" name="homePageTitleTest" duration-ms="8" started-at="2023-11-14T15:28:58Z" finished-at="2023-11-14T15:28:58Z">
          <reporter-output>
          </reporter-output>
        </test-method> <!-- homePageTitleTest -->
        <test-method status="PASS" signature="setUp()[pri:0, instance:testFiles.HomePageTest@4cdbe50f]" name="setUp" is-config="true" duration-ms="1" started-at="2023-11-14T15:28:58Z" finished-at="2023-11-14T15:28:58Z">
          <reporter-output>
          </reporter-output>
        </test-method> <!-- setUp -->
        <test-method status="PASS" signature="provideConsentClickTest()[pri:2, instance:testFiles.HomePageTest@4cdbe50f]" name="provideConsentClickTest" duration-ms="159" started-at="2023-11-14T15:28:58Z" finished-at="2023-11-14T15:28:58Z">
          <reporter-output>
          </reporter-output>
        </test-method> <!-- provideConsentClickTest -->
        <test-method status="PASS" signature="setUp()[pri:0, instance:testFiles.HomePageTest@4cdbe50f]" name="setUp" is-config="true" duration-ms="2" started-at="2023-11-14T15:28:58Z" finished-at="2023-11-14T15:28:58Z">
          <reporter-output>
          </reporter-output>
        </test-method> <!-- setUp -->
        <test-method status="PASS" signature="enterSearchLocation()[pri:3, instance:testFiles.HomePageTest@4cdbe50f]" name="enterSearchLocation" duration-ms="502" started-at="2023-11-14T15:28:58Z" finished-at="2023-11-14T15:28:59Z">
          <reporter-output>
          </reporter-output>
        </test-method> <!-- enterSearchLocation -->
        <test-method status="PASS" signature="setUp()[pri:0, instance:testFiles.HomePageTest@4cdbe50f]" name="setUp" is-config="true" duration-ms="1" started-at="2023-11-14T15:28:59Z" finished-at="2023-11-14T15:28:59Z">
          <reporter-output>
          </reporter-output>
        </test-method> <!-- setUp -->
        <test-method status="PASS" signature="list()[pri:4, instance:testFiles.HomePageTest@4cdbe50f]" name="list" duration-ms="260" started-at="2023-11-14T15:28:59Z" finished-at="2023-11-14T15:28:59Z">
          <reporter-output>
          </reporter-output>
        </test-method> <!-- list -->
        <test-method status="PASS" signature="setUp()[pri:0, instance:testFiles.HomePageTest@4cdbe50f]" name="setUp" is-config="true" duration-ms="1" started-at="2023-11-14T15:28:59Z" finished-at="2023-11-14T15:28:59Z">
          <reporter-output>
          </reporter-output>
        </test-method> <!-- setUp -->
        <test-method status="PASS" signature="provideClick()[pri:5, instance:testFiles.HomePageTest@4cdbe50f]" name="provideClick" duration-ms="113" started-at="2023-11-14T15:28:59Z" finished-at="2023-11-14T15:28:59Z">
          <reporter-output>
          </reporter-output>
        </test-method> <!-- provideClick -->
      </class> <!-- testFiles.HomePageTest -->
    </test> <!-- MyTest -->
    <test name="MyTest1" duration-ms="1138" started-at="2023-11-14T15:28:59Z" finished-at="2023-11-14T15:29:00Z">
      <class name="testFiles.CountyResultPageTest">
        <test-method status="PASS" signature="setUp()[pri:0, instance:testFiles.CountyResultPageTest@5a39699c]" name="setUp" is-config="true" duration-ms="9" started-at="2023-11-14T15:28:59Z" finished-at="2023-11-14T15:28:59Z">
          <reporter-output>
          </reporter-output>
        </test-method> <!-- setUp -->
        <test-method status="PASS" signature="countyResult()[pri:1, instance:testFiles.CountyResultPageTest@5a39699c]" name="countyResult" duration-ms="625" started-at="2023-11-14T15:28:59Z" finished-at="2023-11-14T15:29:00Z">
          <reporter-output>
          </reporter-output>
        </test-method> <!-- countyResult -->
        <test-method status="PASS" signature="setUp()[pri:0, instance:testFiles.CountyResultPageTest@5a39699c]" name="setUp" is-config="true" duration-ms="1" started-at="2023-11-14T15:29:00Z" finished-at="2023-11-14T15:29:00Z">
          <reporter-output>
          </reporter-output>
        </test-method> <!-- setUp -->
        <test-method status="PASS" signature="testCountySearchResultsCount()[pri:2, instance:testFiles.CountyResultPageTest@5a39699c]" name="testCountySearchResultsCount" duration-ms="27" started-at="2023-11-14T15:29:00Z" finished-at="2023-11-14T15:29:00Z">
          <reporter-output>
          </reporter-output>
        </test-method> <!-- testCountySearchResultsCount -->
        <test-method status="PASS" signature="scrollToSearchResults()[pri:3, instance:testFiles.CountyResultPageTest@5a39699c]" name="scrollToSearchResults" duration-ms="35" started-at="2023-11-14T15:29:00Z" finished-at="2023-11-14T15:29:00Z">
          <reporter-output>
          </reporter-output>
        </test-method> <!-- scrollToSearchResults -->
        <test-method status="PASS" signature="setUp()[pri:0, instance:testFiles.CountyResultPageTest@5a39699c]" name="setUp" is-config="true" duration-ms="0" started-at="2023-11-14T15:29:00Z" finished-at="2023-11-14T15:29:00Z">
          <reporter-output>
          </reporter-output>
        </test-method> <!-- setUp -->
        <test-method status="PASS" signature="setUp()[pri:0, instance:testFiles.CountyResultPageTest@5a39699c]" name="setUp" is-config="true" duration-ms="0" started-at="2023-11-14T15:29:00Z" finished-at="2023-11-14T15:29:00Z">
          <reporter-output>
          </reporter-output>
        </test-method> <!-- setUp -->
        <test-method status="PASS" signature="scrollToTop()[pri:4, instance:testFiles.CountyResultPageTest@5a39699c]" name="scrollToTop" duration-ms="88" started-at="2023-11-14T15:29:00Z" finished-at="2023-11-14T15:29:00Z">
          <reporter-output>
          </reporter-output>
        </test-method> <!-- scrollToTop -->
        <test-method status="PASS" signature="setUp()[pri:0, instance:testFiles.CountyResultPageTest@5a39699c]" name="setUp" is-config="true" duration-ms="0" started-at="2023-11-14T15:29:00Z" finished-at="2023-11-14T15:29:00Z">
          <reporter-output>
          </reporter-output>
        </test-method> <!-- setUp -->
        <test-method status="PASS" signature="scrollToBottom()[pri:5, instance:testFiles.CountyResultPageTest@5a39699c]" name="scrollToBottom" duration-ms="121" started-at="2023-11-14T15:29:00Z" finished-at="2023-11-14T15:29:00Z">
          <reporter-output>
          </reporter-output>
        </test-method> <!-- scrollToBottom -->
        <test-method status="PASS" signature="setUp()[pri:0, instance:testFiles.CountyResultPageTest@5a39699c]" name="setUp" is-config="true" duration-ms="1" started-at="2023-11-14T15:29:00Z" finished-at="2023-11-14T15:29:00Z">
          <reporter-output>
          </reporter-output>
        </test-method> <!-- setUp -->
        <test-method status="PASS" signature="applyKeywordFilter()[pri:6, instance:testFiles.CountyResultPageTest@5a39699c]" name="applyKeywordFilter" duration-ms="227" started-at="2023-11-14T15:29:00Z" finished-at="2023-11-14T15:29:00Z">
          <reporter-output>
          </reporter-output>
        </test-method> <!-- applyKeywordFilter -->
      </class> <!-- testFiles.CountyResultPageTest -->
    </test> <!-- MyTest1 -->
    <test name="MyTest2" duration-ms="1658" started-at="2023-11-14T15:29:00Z" finished-at="2023-11-14T15:29:02Z">
      <class name="testFiles.KeywordFilteredPageTest">
        <test-method status="PASS" signature="setUp()[pri:0, instance:testFiles.KeywordFilteredPageTest@d041cf]" name="setUp" is-config="true" duration-ms="1" started-at="2023-11-14T15:29:00Z" finished-at="2023-11-14T15:29:00Z">
          <reporter-output>
          </reporter-output>
        </test-method> <!-- setUp -->
        <test-method status="PASS" signature="keywordFilteredResult()[pri:1, instance:testFiles.KeywordFilteredPageTest@d041cf]" name="keywordFilteredResult" duration-ms="574" started-at="2023-11-14T15:29:00Z" finished-at="2023-11-14T15:29:01Z">
          <reporter-output>
          </reporter-output>
        </test-method> <!-- keywordFilteredResult -->
        <test-method status="PASS" signature="scrollByKeywordResults()[pri:2, instance:testFiles.KeywordFilteredPageTest@d041cf]" name="scrollByKeywordResults" duration-ms="146" started-at="2023-11-14T15:29:01Z" finished-at="2023-11-14T15:29:01Z">
          <reporter-output>
          </reporter-output>
        </test-method> <!-- scrollByKeywordResults -->
        <test-method status="PASS" signature="setUp()[pri:0, instance:testFiles.KeywordFilteredPageTest@d041cf]" name="setUp" is-config="true" duration-ms="0" started-at="2023-11-14T15:29:01Z" finished-at="2023-11-14T15:29:01Z">
          <reporter-output>
          </reporter-output>
        </test-method> <!-- setUp -->
        <test-method status="PASS" signature="setUp()[pri:0, instance:testFiles.KeywordFilteredPageTest@d041cf]" name="setUp" is-config="true" duration-ms="1" started-at="2023-11-14T15:29:01Z" finished-at="2023-11-14T15:29:01Z">
          <reporter-output>
          </reporter-output>
        </test-method> <!-- setUp -->
        <test-method status="PASS" signature="isGaragePresentInAdvert()[pri:3, instance:testFiles.KeywordFilteredPageTest@d041cf]" name="isGaragePresentInAdvert" duration-ms="934" started-at="2023-11-14T15:29:01Z" finished-at="2023-11-14T15:29:02Z">
          <reporter-output>
          </reporter-output>
        </test-method> <!-- isGaragePresentInAdvert -->
      </class> <!-- testFiles.KeywordFilteredPageTest -->
    </test> <!-- MyTest2 -->
  </suite> <!-- MyTestSuite -->
</testng-results>
